GROUP,PACKAGE,CLASS,INSTRUCTION_MISSED,INSTRUCTION_COVERED,BRANCH_MISSED,BRANCH_COVERED,LINE_MISSED,LINE_COVERED,COMPLEXITY_MISSED,COMPLEXITY_COVERED,METHOD_MISSED,METHOD_COVERED
calculator-lab,labxx.sict.must.edu.mn,Multiplication,0,7,0,0,0,2,0,2,0,2
calculator-lab,labxx.sict.must.edu.mn,Division,5,11,1,1,1,3,1,2,0,2
calculator-lab,labxx.sict.must.edu.mn,Calculator,0,61,0,5,0,12,0,6,0,2
calculator-lab,labxx.sict.must.edu.mn,Main,65,0,2,0,22,0,3,0,2,0
calculator-lab,labxx.sict.must.edu.mn,Addition,0,7,0,0,0,2,0,2,0,2
calculator-lab,labxx.sict.must.edu.mn,Subtraction,0,7,0,0,0,2,0,2,0,2
